<?xml version="1.0" encoding="UTF-8"?>
<!-- Generated by org.testng.reporters.JUnitReportReporter -->
<testsuite hostname="Karish-Home3" failures="0" tests="1" name="com.testcases.ReservepageTest2" time="4.444" errors="0" timestamp="2023-05-23T19:59:06 EDT" skipped="0">
  <testcase classname="com.testcases.ReservepageTest2" name="choose" time="4.444"/>
  <system-out/>
</testsuite> <!-- com.testcases.ReservepageTest2 -->
