<?xml version="1.0" encoding="UTF-8"?>
<!-- Generated by org.testng.reporters.JUnitReportReporter -->
<testsuite hostname="Karish-Home3" failures="0" tests="12" name="com.testcases.WelcomepageTest2" time="73.072" errors="0" timestamp="2023-05-15T20:27:49 EDT" skipped="0">
  <testcase classname="com.testcases.WelcomepageTest2" name="title" time="6.922"/>
  <system-out/>
  <testcase classname="com.testcases.WelcomepageTest2" name="fromTo_valid" time="3.080"/>
  <system-out/>
  <testcase classname="com.testcases.WelcomepageTest2" name="fromTo_valid" time="6.581"/>
  <system-out/>
  <testcase classname="com.testcases.WelcomepageTest2" name="fromTo_valid" time="4.203"/>
  <system-out/>
  <testcase classname="com.testcases.WelcomepageTest2" name="fromTo_valid" time="6.036"/>
  <system-out/>
  <testcase classname="com.testcases.WelcomepageTest2" name="fromTo_valid" time="7.324"/>
  <system-out/>
  <testcase classname="com.testcases.WelcomepageTest2" name="fromTo_valid" time="7.036"/>
  <system-out/>
  <testcase classname="com.testcases.WelcomepageTest2" name="fromTo_valid" time="6.238"/>
  <system-out/>
  <testcase classname="com.testcases.WelcomepageTest2" name="fromTo_invalid" time="4.601"/>
  <system-out/>
  <testcase classname="com.testcases.WelcomepageTest2" name="fromTo_invalid" time="6.626"/>
  <system-out/>
  <testcase classname="com.testcases.WelcomepageTest2" name="fromTo_invalid" time="6.445"/>
  <system-out/>
  <testcase classname="com.testcases.WelcomepageTest2" name="fromTo_null" time="7.980"/>
  <system-out/>
</testsuite> <!-- com.testcases.WelcomepageTest2 -->
