<?xml version="1.0" encoding="UTF-8"?>
<!-- Generated by org.testng.reporters.JUnitReportReporter -->
<testsuite hostname="Karish-Home3" failures="0" tests="3" name="com.testcases.PurchasepageTest" time="27.651" errors="0" timestamp="2023-05-23T20:47:05 EDT" skipped="0">
  <testcase classname="com.testcases.PurchasepageTest" name="data_valid" time="11.084"/>
  <system-out/>
  <testcase classname="com.testcases.PurchasepageTest" name="data_valid" time="7.530"/>
  <system-out/>
  <testcase classname="com.testcases.PurchasepageTest" name="data_valid" time="9.037"/>
  <system-out/>
</testsuite> <!-- com.testcases.PurchasepageTest -->
