<?xml version="1.0" encoding="UTF-8"?>
<!-- Generated by org.testng.reporters.JUnitReportReporter -->
<testsuite hostname="Karish-Home3" failures="0" tests="3" name="com.testcases.LoginTest" time="13.095" errors="0" timestamp="2023-05-09T17:40:38 EDT" skipped="0">
  <testcase classname="com.testcases.LoginTest" name="login_valid" time="3.753"/>
  <system-out/>
  <testcase classname="com.testcases.LoginTest" name="login_valid" time="5.248"/>
  <system-out/>
  <testcase classname="com.testcases.LoginTest" name="login_valid" time="4.094"/>
  <system-out/>
</testsuite> <!-- com.testcases.LoginTest -->
