<?xml version="1.0" encoding="UTF-8"?>
<!-- Generated by org.testng.reporters.JUnitReportReporter -->
<testsuite hostname="Karish-Home3" failures="0" tests="1" name="com.testcases.ReservepageTest" time="7.703" errors="0" timestamp="2023-05-23T20:47:05 EDT" skipped="0">
  <testcase classname="com.testcases.ReservepageTest" name="reserve" time="7.703"/>
  <system-out/>
</testsuite> <!-- com.testcases.ReservepageTest -->
