<?xml version="1.0" encoding="UTF-8"?>
<!-- Generated by org.testng.reporters.JUnitReportReporter -->
<testsuite hostname="Karish-Home3" failures="0" tests="6" name="com.testcases.WelcomepageTest" time="34.410" errors="0" timestamp="2023-05-23T20:47:05 EDT" skipped="0">
  <testcase classname="com.testcases.WelcomepageTest" name="title" time="4.173"/>
  <system-out/>
  <testcase classname="com.testcases.WelcomepageTest" name="fromTo_valid" time="5.647"/>
  <system-out/>
  <testcase classname="com.testcases.WelcomepageTest" name="fromTo_valid" time="5.687"/>
  <system-out/>
  <testcase classname="com.testcases.WelcomepageTest" name="fromTo_invalid" time="8.454"/>
  <system-out/>
  <testcase classname="com.testcases.WelcomepageTest" name="fromTo_invalid" time="4.925"/>
  <system-out/>
  <testcase classname="com.testcases.WelcomepageTest" name="fromTo_null" time="5.524"/>
  <system-out/>
</testsuite> <!-- com.testcases.WelcomepageTest -->
